<?xml version="1.0" encoding="UTF-8"?>
<testsuite name="SampleTest" tests="1" skipped="0" failures="0" errors="0" timestamp="2022-09-19T15:40:06" hostname="MacBook-Pro.local" time="0.013">
  <properties/>
  <testcase name="test()" classname="SampleTest" time="0.013"/>
  <system-out><![CDATA[]]></system-out>
  <system-err><![CDATA[]]></system-err>
</testsuite>
